[31m[1m2025-12-16 17:59:30 ERROR:    [POST /api/v1/auth/signup] [22m[39m
[31m[1mInvalid `prisma.user.findUnique()` invocation in[22m[39m
[31m[1mC:\Users\semil\Documents\swdev\group-2-chefs\src\services\classes\user.service.ts:10:23[22m[39m

[31m[1m   7 private readonly logger = new Logger().logger;[22m[39m
[31m[1m   8 public async findExistingUser(username: string) {[22m[39m
[31m[1m   9 	try {[22m[39m
[31m[1m→ 10 		return prisma.user.findUnique([22m[39m
[31m[1mCan't reach database server at db.prisma.io[22m[39m
[31m[1m2025-12-16 18:03:01 ERROR:    [POST /api/v1/auth/signup] [22m[39m
[31m[1mInvalid `prisma.user.findUnique()` invocation in[22m[39m
[31m[1mC:\Users\semil\Documents\swdev\group-2-chefs\src\services\classes\user.service.ts:10:23[22m[39m

[31m[1m   7 private readonly logger = new Logger().logger;[22m[39m
[31m[1m   8 public async findExistingUser(username: string) {[22m[39m
[31m[1m   9 	try {[22m[39m
[31m[1m→ 10 		return prisma.user.findUnique([22m[39m
[31m[1mThe table `public.User` does not exist in the current database.[22m[39m
[31m[1m2025-12-17 20:27:53 ERROR:    [POST /api/v1/auth/signup] "id" is not allowed[22m[39m
[31m[1m2025-12-17 20:31:19 ERROR:    [POST /api/v1/auth/login] "email" is not allowed[22m[39m
[31m[1m2025-12-17 20:31:37 ERROR:    [POST /api/v1/auth/login] "email" is not allowed[22m[39m
[31m[1m2025-12-17 20:31:50 ERROR:    [POST /api/v1/auth/login] "email" is not allowed[22m[39m
[31m[1m2025-12-17 20:49:49 ERROR:    [GET /api/v1/users/5e8153ee-b5b0-4bdb-935e-c48989ee5cde] Cannot read properties of undefined (reading 'id')[22m[39m
[31m[1m2025-12-17 21:01:00 ERROR:    [POST /api/v1/auth/login] "email" is not allowed[22m[39m
[31m[1m2025-12-17 12:07:49 ERROR:    [POST /api/v1/auth/signup] Cannot read properties of undefined (reading 'username')[22m[39m
[31m[1m2025-12-17 12:09:54 ERROR:    [POST /api/v1/auth/signup] "bio" is not allowed[22m[39m
[31m[1m2025-12-17 12:10:35 ERROR:    [POST /api/v1/auth/login] "email" is not allowed[22m[39m
[31m[1m2025-12-17 12:16:20 ERROR:    [POST /api/v1/recipes] Invalid input data. Please check your request.[22m[39m
[31m[1m2025-12-17 12:24:18 ERROR:    [POST /api/v1/recipes] Invalid input data. Please check your request.[22m[39m
[31m[1m2025-12-17 12:25:37 ERROR:    [POST /api/v1/recipes] Invalid input data. Please check your request.[22m[39m
[31m[1m2025-12-17 13:16:22 ERROR:    [POST /api/v1/recipes] Invalid input data. Please check your request.[22m[39m
[31m[1m2025-12-17 13:36:26 ERROR:    [POST /api/v1/recipes] "final_img" must be a valid uri[22m[39m
[31m[1m2025-12-18 07:26:03 ERROR:    [POST /api/v1/auth/signup] "bio" is not allowed[22m[39m
[31m[1m2025-12-18 10:27:30 ERROR:    [POST /api/v1/auth/signup] [22m[39m
[31m[1mInvalid `prisma.user.findUnique()` invocation in[22m[39m
[31m[1mC:\Users\hp\Desktop\group-2-chefs\src\services\classes\user.service.ts:10:23[22m[39m

[31m[1m   7 private readonly logger = new Logger().logger;[22m[39m
[31m[1m   8 public async findExistingUser(username: string) {[22m[39m
[31m[1m   9 	try {[22m[39m
[31m[1m→ 10 		return prisma.user.findUnique([22m[39m
[31m[1mServer has closed the connection.[22m[39m
[31m[1m2025-12-17 15:03:53 ERROR:    [GET /api/v1/recipes/] "title" is not allowed[22m[39m
[31m[1m2025-12-17 15:04:47 ERROR:    [GET /api/v1/recipes/] "title" is not allowed[22m[39m
[31m[1m2025-12-17 15:04:51 ERROR:    [GET /api/v1/recipes] "title" is not allowed[22m[39m
